  adding: home/ddumit/corals2/ASS_DIR/D19-7812/fastg/k119.fastg (deflated 71%)
  adding: home/ddumit/corals2/ASS_DIR/D19-7812/fastg/k141.fastg (deflated 71%)
  adding: home/ddumit/corals2/ASS_DIR/D19-7812/fastg/k21.fastg (deflated 73%)
  adding: home/ddumit/corals2/ASS_DIR/D19-7812/fastg/k29.fastg (deflated 75%)
  adding: home/ddumit/corals2/ASS_DIR/D19-7812/fastg/k39.fastg (deflated 73%)
  adding: home/ddumit/corals2/ASS_DIR/D19-7812/fastg/k59.fastg (deflated 71%)
  adding: home/ddumit/corals2/ASS_DIR/D19-7812/fastg/k79.fastg (deflated 71%)
  adding: home/ddumit/corals2/ASS_DIR/D19-7812/fastg/k99.fastg (deflated 71%)
MaxBin 2.2.7
Thread: 2
Input contig: /home/ddumit/corals2/ASS_DIR/D19-7812/final.contigs.fa
Located reads file [/home/ddumit/corals2/BH_files/D19-7812/paired/corrected/D19-7812_1_paired.fastq.00.0_0.cor.fastq.gz]
Located reads file [/home/ddumit/corals2/BH_files/D19-7812/paired/corrected/D19-7812_2_paired.fastq.00.0_0.cor.fastq.gz]
Located reads file [/home/ddumit/corals2/BH_files/D19-7812/single1/corrected/D19-7812_1_single.fastq.00.0_0.cor.fastq.gz]
Located reads file [/home/ddumit/corals2/BH_files/D19-7812/single2/corrected/D19-7812_2_single.fastq.00.0_0.cor.fastq.gz]
Located reads file [/home/ddumit/corals2/BH_files/D19-7812/paired/corrected/D19-7812__unpaired.00.0_0.cor.fastq.gz]
out header: /home/ddumit/corals2/ASS_DIR/D19-7812/maxbin/bins
Running Bowtie2 on reads file [/home/ddumit/corals2/BH_files/D19-7812/paired/corrected/D19-7812_1_paired.fastq.00.0_0.cor.fastq.gz]...this may take a while...
Reading SAM file to estimate abundance values...
Running Bowtie2 on reads file [/home/ddumit/corals2/BH_files/D19-7812/paired/corrected/D19-7812_2_paired.fastq.00.0_0.cor.fastq.gz]...this may take a while...
Reading SAM file to estimate abundance values...
Running Bowtie2 on reads file [/home/ddumit/corals2/BH_files/D19-7812/single1/corrected/D19-7812_1_single.fastq.00.0_0.cor.fastq.gz]...this may take a while...
Reading SAM file to estimate abundance values...
Running Bowtie2 on reads file [/home/ddumit/corals2/BH_files/D19-7812/single2/corrected/D19-7812_2_single.fastq.00.0_0.cor.fastq.gz]...this may take a while...
Reading SAM file to estimate abundance values...
Running Bowtie2 on reads file [/home/ddumit/corals2/BH_files/D19-7812/paired/corrected/D19-7812__unpaired.00.0_0.cor.fastq.gz]...this may take a while...
Reading SAM file to estimate abundance values...
Searching against 107 marker genes to find starting seed contigs for [/home/ddumit/corals2/ASS_DIR/D19-7812/final.contigs.fa]...
Running FragGeneScan....
Running HMMER hmmsearch....
Try harder to dig out marker genes from contigs.
Done data collection. Running MaxBin...
Command: /home/ddumit/Software/MaxBin-2.2.7/src/MaxBin -fasta /home/ddumit/corals2/ASS_DIR/D19-7812/maxbin/bins.contig.tmp  -abund /home/ddumit/corals2/ASS_DIR/D19-7812/maxbin/bins.contig.tmp.reads.abund1 -abund2 /home/ddumit/corals2/ASS_DIR/D19-7812/maxbin/bins.contig.tmp.reads.abund2 -abund3 /home/ddumit/corals2/ASS_DIR/D19-7812/maxbin/bins.contig.tmp.reads.abund3 -abund4 /home/ddumit/corals2/ASS_DIR/D19-7812/maxbin/bins.contig.tmp.reads.abund4 -abund5 /home/ddumit/corals2/ASS_DIR/D19-7812/maxbin/bins.contig.tmp.reads.abund5 -seed /home/ddumit/corals2/ASS_DIR/D19-7812/maxbin/bins.seed -out /home/ddumit/corals2/ASS_DIR/D19-7812/maxbin/bins -min_contig_length 1000 -thread 2
Minimum contig length set to 1000.
Reading seed list...
Looking for seeds in sequences.
	k141_134 [20.996623] [20.190284] [5.356489] [0.017572] [0.011600]
	k141_401 [20.055915] [19.354594] [4.905306] [0.020470] [0.011444]
Get 2 seeds.

Start EM process.
Iteration 1
Iteration 2
Iteration 3
Iteration 4
Iteration 5
Iteration 6
Iteration 7
Iteration 8
Iteration 9
Iteration 10
Iteration 11

EM finishes successfully.

Classifying sequences based on the EM result.
Minimum probability for binning: 0.50
Ignoring 0 bins without any sequences.
Number of unclassified sequences: 0 (0.00%)
Elapsed time:  0 days 00:00:01

bins.001.marker.fasta
bins.002.marker.fasta
Deleting intermediate files.


========== Job finished ==========
Yielded 2 bins for contig (scaffold) file /home/ddumit/corals2/ASS_DIR/D19-7812/final.contigs.fa

Here are the output files for this run.
Please refer to the README file for further details.

Summary file: /home/ddumit/corals2/ASS_DIR/D19-7812/maxbin/bins.summary
Genome abundance info file: /home/ddumit/corals2/ASS_DIR/D19-7812/maxbin/bins.abundance
Marker counts: /home/ddumit/corals2/ASS_DIR/D19-7812/maxbin/bins.marker
Marker genes for each bin: /home/ddumit/corals2/ASS_DIR/D19-7812/maxbin/bins.marker_of_each_gene.tar.gz
Bin files: /home/ddumit/corals2/ASS_DIR/D19-7812/maxbin/bins.001.fasta - /home/ddumit/corals2/ASS_DIR/D19-7812/maxbin/bins.002.fasta
Unbinned sequences: /home/ddumit/corals2/ASS_DIR/D19-7812/maxbin/bins.noclass

Store abundance information of reads file [/home/ddumit/corals2/BH_files/D19-7812/paired/corrected/D19-7812_1_paired.fastq.00.0_0.cor.fastq.gz] in [/home/ddumit/corals2/ASS_DIR/D19-7812/maxbin/bins.abund1].
Store abundance information of reads file [/home/ddumit/corals2/BH_files/D19-7812/paired/corrected/D19-7812_2_paired.fastq.00.0_0.cor.fastq.gz] in [/home/ddumit/corals2/ASS_DIR/D19-7812/maxbin/bins.abund2].
Store abundance information of reads file [/home/ddumit/corals2/BH_files/D19-7812/single1/corrected/D19-7812_1_single.fastq.00.0_0.cor.fastq.gz] in [/home/ddumit/corals2/ASS_DIR/D19-7812/maxbin/bins.abund3].
Store abundance information of reads file [/home/ddumit/corals2/BH_files/D19-7812/single2/corrected/D19-7812_2_single.fastq.00.0_0.cor.fastq.gz] in [/home/ddumit/corals2/ASS_DIR/D19-7812/maxbin/bins.abund4].
Store abundance information of reads file [/home/ddumit/corals2/BH_files/D19-7812/paired/corrected/D19-7812__unpaired.00.0_0.cor.fastq.gz] in [/home/ddumit/corals2/ASS_DIR/D19-7812/maxbin/bins.abund5].


========== Elapsed Time ==========
0 hours 3 minutes and 1 seconds.

[2019-10-15 15:47:29] INFO: CheckM v1.0.18
[2019-10-15 15:47:29] INFO: checkm lineage_wf -x fasta /home/ddumit/corals2/ASS_DIR/D19-7812/maxbin /home/ddumit/corals2/ASS_DIR/D19-7812/maxbin/checkm
[2019-10-15 15:47:29] INFO: [CheckM - tree] Placing bins in reference genome tree.
[2019-10-15 15:47:29] INFO: Identifying marker genes in 2 bins with 1 threads:
[2019-10-15 15:47:48] INFO: Saving HMM info to file.
[2019-10-15 15:47:48] INFO: Calculating genome statistics for 2 bins with 1 threads:
[2019-10-15 15:47:48] INFO: Extracting marker genes to align.
[2019-10-15 15:47:48] INFO: Parsing HMM hits to marker genes:
[2019-10-15 15:47:48] INFO: Extracting 43 HMMs with 1 threads:
[2019-10-15 15:47:49] INFO: Aligning 43 marker genes with 1 threads:
[2019-10-15 15:47:51] INFO: Reading marker alignment files.
[2019-10-15 15:47:51] INFO: Concatenating alignments.
[2019-10-15 15:47:51] INFO: Placing 2 bins into the genome tree with pplacer (be patient).
[2019-10-15 15:53:43] INFO: { Current stage: 0:06:13.658 || Total: 0:06:13.658 }
[2019-10-15 15:53:43] INFO: [CheckM - lineage_set] Inferring lineage-specific marker sets.
[2019-10-15 15:53:43] INFO: Reading HMM info from file.
[2019-10-15 15:53:43] INFO: Parsing HMM hits to marker genes:
[2019-10-15 15:53:43] INFO: Determining marker sets for each genome bin.
[2019-10-15 15:53:44] INFO: Marker set written to: /home/ddumit/corals2/ASS_DIR/D19-7812/maxbin/checkm/lineage.ms
[2019-10-15 15:53:44] INFO: { Current stage: 0:00:01.497 || Total: 0:06:15.155 }
[2019-10-15 15:53:44] INFO: [CheckM - analyze] Identifying marker genes in bins.
[2019-10-15 15:53:44] INFO: Identifying marker genes in 2 bins with 1 threads:
[2019-10-15 15:56:31] INFO: Saving HMM info to file.
[2019-10-15 15:56:31] INFO: { Current stage: 0:02:46.722 || Total: 0:09:01.878 }
[2019-10-15 15:56:31] INFO: Parsing HMM hits to marker genes:
[2019-10-15 15:56:32] INFO: Aligning marker genes with multiple hits in a single bin:
[2019-10-15 15:56:32] INFO: { Current stage: 0:00:01.160 || Total: 0:09:03.039 }
[2019-10-15 15:56:32] INFO: Calculating genome statistics for 2 bins with 1 threads:
[2019-10-15 15:56:32] INFO: { Current stage: 0:00:00.278 || Total: 0:09:03.317 }
[2019-10-15 15:56:32] INFO: [CheckM - qa] Tabulating genome statistics.
[2019-10-15 15:56:32] INFO: Calculating AAI between multi-copy marker genes.
[2019-10-15 15:56:32] INFO: Reading HMM info from file.
[2019-10-15 15:56:33] INFO: Parsing HMM hits to marker genes:
-------------------------------------------------------------------------------------------------------------------------------------------------------------------------
  Bin Id              Marker lineage            # genomes   # markers   # marker sets   0     1    2   3   4   5+   Completeness   Contamination   Strain heterogeneity  
-------------------------------------------------------------------------------------------------------------------------------------------------------------------------
  bins.002   c__Gammaproteobacteria (UID4787)       26         752           296        36   714   2   0   0   0       93.24            0.25               0.00          
  bins.001             root (UID1)                 5656         56            24        56    0    0   0   0   0        0.00            0.00               0.00          
-------------------------------------------------------------------------------------------------------------------------------------------------------------------------
[2019-10-15 15:56:34] INFO: { Current stage: 0:00:01.294 || Total: 0:09:04.612 }
