  adding: home/ddumit/corals2/ASS_DIR/D19-7805/fastg/k119.fastg (deflated 71%)
  adding: home/ddumit/corals2/ASS_DIR/D19-7805/fastg/k141.fastg (deflated 71%)
  adding: home/ddumit/corals2/ASS_DIR/D19-7805/fastg/k21.fastg (deflated 73%)
  adding: home/ddumit/corals2/ASS_DIR/D19-7805/fastg/k29.fastg (deflated 74%)
  adding: home/ddumit/corals2/ASS_DIR/D19-7805/fastg/k39.fastg (deflated 73%)
  adding: home/ddumit/corals2/ASS_DIR/D19-7805/fastg/k59.fastg (deflated 71%)
  adding: home/ddumit/corals2/ASS_DIR/D19-7805/fastg/k79.fastg (deflated 71%)
  adding: home/ddumit/corals2/ASS_DIR/D19-7805/fastg/k99.fastg (deflated 71%)
MaxBin 2.2.7
Thread: 2
Input contig: /home/ddumit/corals2/ASS_DIR/D19-7805/final.contigs.fa
Located reads file [/home/ddumit/corals2/BH_files/D19-7805/paired/corrected/D19-7805_1_paired.fastq.00.0_0.cor.fastq.gz]
Located reads file [/home/ddumit/corals2/BH_files/D19-7805/paired/corrected/D19-7805_2_paired.fastq.00.0_0.cor.fastq.gz]
Located reads file [/home/ddumit/corals2/BH_files/D19-7805/single1/corrected/D19-7805_1_single.fastq.00.0_0.cor.fastq.gz]
Located reads file [/home/ddumit/corals2/BH_files/D19-7805/single2/corrected/D19-7805_2_single.fastq.00.0_0.cor.fastq.gz]
Located reads file [/home/ddumit/corals2/BH_files/D19-7805/paired/corrected/D19-7805__unpaired.00.0_0.cor.fastq.gz]
out header: /home/ddumit/corals2/ASS_DIR/D19-7805/maxbin/bins
Running Bowtie2 on reads file [/home/ddumit/corals2/BH_files/D19-7805/paired/corrected/D19-7805_1_paired.fastq.00.0_0.cor.fastq.gz]...this may take a while...
Reading SAM file to estimate abundance values...
Running Bowtie2 on reads file [/home/ddumit/corals2/BH_files/D19-7805/paired/corrected/D19-7805_2_paired.fastq.00.0_0.cor.fastq.gz]...this may take a while...
Reading SAM file to estimate abundance values...
Running Bowtie2 on reads file [/home/ddumit/corals2/BH_files/D19-7805/single1/corrected/D19-7805_1_single.fastq.00.0_0.cor.fastq.gz]...this may take a while...
Reading SAM file to estimate abundance values...
Running Bowtie2 on reads file [/home/ddumit/corals2/BH_files/D19-7805/single2/corrected/D19-7805_2_single.fastq.00.0_0.cor.fastq.gz]...this may take a while...
Reading SAM file to estimate abundance values...
Running Bowtie2 on reads file [/home/ddumit/corals2/BH_files/D19-7805/paired/corrected/D19-7805__unpaired.00.0_0.cor.fastq.gz]...this may take a while...
Reading SAM file to estimate abundance values...
Searching against 107 marker genes to find starting seed contigs for [/home/ddumit/corals2/ASS_DIR/D19-7805/final.contigs.fa]...
Running FragGeneScan....
Running HMMER hmmsearch....
Try harder to dig out marker genes from contigs.
Done data collection. Running MaxBin...
Command: /home/ddumit/Software/MaxBin-2.2.7/src/MaxBin -fasta /home/ddumit/corals2/ASS_DIR/D19-7805/maxbin/bins.contig.tmp  -abund /home/ddumit/corals2/ASS_DIR/D19-7805/maxbin/bins.contig.tmp.reads.abund1 -abund2 /home/ddumit/corals2/ASS_DIR/D19-7805/maxbin/bins.contig.tmp.reads.abund2 -abund3 /home/ddumit/corals2/ASS_DIR/D19-7805/maxbin/bins.contig.tmp.reads.abund3 -abund4 /home/ddumit/corals2/ASS_DIR/D19-7805/maxbin/bins.contig.tmp.reads.abund4 -abund5 /home/ddumit/corals2/ASS_DIR/D19-7805/maxbin/bins.contig.tmp.reads.abund5 -seed /home/ddumit/corals2/ASS_DIR/D19-7805/maxbin/bins.seed -out /home/ddumit/corals2/ASS_DIR/D19-7805/maxbin/bins -min_contig_length 1000 -thread 2
Minimum contig length set to 1000.
Reading seed list...
Looking for seeds in sequences.
	k141_95 [22.583024] [21.059992] [5.350777] [0.013682] [0.040299]
	k141_136 [22.711700] [21.106229] [5.132625] [0.019312] [0.047760]
Get 2 seeds.

Start EM process.
Iteration 1
Iteration 2
Iteration 3
Iteration 4
Iteration 5
Iteration 6
Iteration 7
Iteration 8
Iteration 9
Iteration 10
Iteration 11
Iteration 12
Iteration 13
Iteration 14
Iteration 15
Iteration 16
Iteration 17
Iteration 18
Iteration 19
Iteration 20
Iteration 21
Iteration 22
Iteration 23
Iteration 24
Iteration 25
Iteration 26
Iteration 27
Iteration 28
Iteration 29
Iteration 30
Iteration 31
Iteration 32
Iteration 33
Iteration 34
Iteration 35
Iteration 36
Iteration 37
Iteration 38
Iteration 39
Iteration 40
Iteration 41
Iteration 42
Iteration 43
Iteration 44
Iteration 45
Iteration 46
Iteration 47
Iteration 48
Iteration 49
Iteration 50

EM finishes successfully.

Classifying sequences based on the EM result.
Minimum probability for binning: 0.50
Ignoring 0 bins without any sequences.
Number of unclassified sequences: 3 (4.69%)
Elapsed time:  0 days 00:00:01

bins.001.marker.fasta
Deleting intermediate files.


========== Job finished ==========
Yielded 1 bins for contig (scaffold) file /home/ddumit/corals2/ASS_DIR/D19-7805/final.contigs.fa

Here are the output files for this run.
Please refer to the README file for further details.

Summary file: /home/ddumit/corals2/ASS_DIR/D19-7805/maxbin/bins.summary
Genome abundance info file: /home/ddumit/corals2/ASS_DIR/D19-7805/maxbin/bins.abundance
Marker counts: /home/ddumit/corals2/ASS_DIR/D19-7805/maxbin/bins.marker
Marker genes for each bin: /home/ddumit/corals2/ASS_DIR/D19-7805/maxbin/bins.marker_of_each_gene.tar.gz
Bin files: /home/ddumit/corals2/ASS_DIR/D19-7805/maxbin/bins.001.fasta - /home/ddumit/corals2/ASS_DIR/D19-7805/maxbin/bins.001.fasta
Unbinned sequences: /home/ddumit/corals2/ASS_DIR/D19-7805/maxbin/bins.noclass

Store abundance information of reads file [/home/ddumit/corals2/BH_files/D19-7805/paired/corrected/D19-7805_1_paired.fastq.00.0_0.cor.fastq.gz] in [/home/ddumit/corals2/ASS_DIR/D19-7805/maxbin/bins.abund1].
Store abundance information of reads file [/home/ddumit/corals2/BH_files/D19-7805/paired/corrected/D19-7805_2_paired.fastq.00.0_0.cor.fastq.gz] in [/home/ddumit/corals2/ASS_DIR/D19-7805/maxbin/bins.abund2].
Store abundance information of reads file [/home/ddumit/corals2/BH_files/D19-7805/single1/corrected/D19-7805_1_single.fastq.00.0_0.cor.fastq.gz] in [/home/ddumit/corals2/ASS_DIR/D19-7805/maxbin/bins.abund3].
Store abundance information of reads file [/home/ddumit/corals2/BH_files/D19-7805/single2/corrected/D19-7805_2_single.fastq.00.0_0.cor.fastq.gz] in [/home/ddumit/corals2/ASS_DIR/D19-7805/maxbin/bins.abund4].
Store abundance information of reads file [/home/ddumit/corals2/BH_files/D19-7805/paired/corrected/D19-7805__unpaired.00.0_0.cor.fastq.gz] in [/home/ddumit/corals2/ASS_DIR/D19-7805/maxbin/bins.abund5].


========== Elapsed Time ==========
0 hours 2 minutes and 27 seconds.

[2019-10-15 15:43:44] INFO: CheckM v1.0.18
[2019-10-15 15:43:44] INFO: checkm lineage_wf -x fasta /home/ddumit/corals2/ASS_DIR/D19-7805/maxbin /home/ddumit/corals2/ASS_DIR/D19-7805/maxbin/checkm
[2019-10-15 15:43:44] INFO: [CheckM - tree] Placing bins in reference genome tree.
[2019-10-15 15:43:44] INFO: Identifying marker genes in 1 bins with 1 threads:
[2019-10-15 15:44:01] INFO: Saving HMM info to file.
[2019-10-15 15:44:01] INFO: Calculating genome statistics for 1 bins with 1 threads:
[2019-10-15 15:44:01] INFO: Extracting marker genes to align.
[2019-10-15 15:44:01] INFO: Parsing HMM hits to marker genes:
[2019-10-15 15:44:01] INFO: Extracting 43 HMMs with 1 threads:
[2019-10-15 15:44:02] INFO: Aligning 43 marker genes with 1 threads:
[2019-10-15 15:44:04] INFO: Reading marker alignment files.
[2019-10-15 15:44:04] INFO: Concatenating alignments.
[2019-10-15 15:44:04] INFO: Placing 1 bins into the genome tree with pplacer (be patient).
[2019-10-15 15:49:53] INFO: { Current stage: 0:06:09.273 || Total: 0:06:09.273 }
[2019-10-15 15:49:53] INFO: [CheckM - lineage_set] Inferring lineage-specific marker sets.
[2019-10-15 15:49:53] INFO: Reading HMM info from file.
[2019-10-15 15:49:53] INFO: Parsing HMM hits to marker genes:
[2019-10-15 15:49:53] INFO: Determining marker sets for each genome bin.
[2019-10-15 15:49:55] INFO: Marker set written to: /home/ddumit/corals2/ASS_DIR/D19-7805/maxbin/checkm/lineage.ms
[2019-10-15 15:49:55] INFO: { Current stage: 0:00:01.388 || Total: 0:06:10.662 }
[2019-10-15 15:49:55] INFO: [CheckM - analyze] Identifying marker genes in bins.
[2019-10-15 15:49:55] INFO: Identifying marker genes in 1 bins with 1 threads:
[2019-10-15 15:53:37] INFO: Saving HMM info to file.
[2019-10-15 15:53:37] INFO: { Current stage: 0:03:42.134 || Total: 0:09:52.797 }
[2019-10-15 15:53:37] INFO: Parsing HMM hits to marker genes:
[2019-10-15 15:53:38] INFO: Aligning marker genes with multiple hits in a single bin:
[2019-10-15 15:53:38] INFO: { Current stage: 0:00:01.379 || Total: 0:09:54.176 }
[2019-10-15 15:53:38] INFO: Calculating genome statistics for 1 bins with 1 threads:
[2019-10-15 15:53:39] INFO: { Current stage: 0:00:00.642 || Total: 0:09:54.818 }
[2019-10-15 15:53:39] INFO: [CheckM - qa] Tabulating genome statistics.
[2019-10-15 15:53:39] INFO: Calculating AAI between multi-copy marker genes.
[2019-10-15 15:53:39] INFO: Reading HMM info from file.
[2019-10-15 15:53:39] INFO: Parsing HMM hits to marker genes:
------------------------------------------------------------------------------------------------------------------------------------------------------------------------
  Bin Id              Marker lineage            # genomes   # markers   # marker sets   0    1    2   3   4   5+   Completeness   Contamination   Strain heterogeneity  
------------------------------------------------------------------------------------------------------------------------------------------------------------------------
  bins.001   c__Gammaproteobacteria (UID4787)       26         752           296        0   748   4   0   0   0       100.00           0.32               0.00          
------------------------------------------------------------------------------------------------------------------------------------------------------------------------
[2019-10-15 15:53:40] INFO: { Current stage: 0:00:01.310 || Total: 0:09:56.128 }
